\BOOKMARK [1][-]{section.1}{\376\377\000A\000b\000s\000t\000r\000a\000c\000t}{}% 1
\BOOKMARK [1][-]{section.2}{\376\377\000I\000n\000t\000r\000o\000d\000u\000c\000t\000i\000o\000n}{}% 2
\BOOKMARK [1][-]{section.3}{\376\377\000M\000e\000t\000h\000o\000d}{}% 3
\BOOKMARK [1][-]{section.4}{\376\377\000E\000x\000p\000e\000r\000i\000m\000e\000n\000t\000a\000l\000\040\000P\000r\000o\000c\000e\000d\000u\000r\000e\000s}{}% 4
\BOOKMARK [2][-]{subsection.4.1}{\376\377\000D\000e\000s\000c\000r\000i\000p\000t\000i\000o\000n}{section.4}% 5
\BOOKMARK [2][-]{subsection.4.2}{\376\377\000C\000o\000m\000p\000o\000s\000i\000t\000i\000o\000n}{section.4}% 6
\BOOKMARK [2][-]{subsection.4.3}{\376\377\000H\000e\000a\000t\000\040\000T\000r\000e\000a\000t\000m\000e\000n\000t\000s\000\040\000a\000n\000d\000\040\000A\000l\000l\000o\000y\000\040\000C\000o\000n\000d\000i\000t\000i\000o\000n\000s}{section.4}% 7
\BOOKMARK [2][-]{subsection.4.4}{\376\377\000E\000q\000u\000i\000p\000m\000e\000n\000t\000\040\000L\000i\000s\000t}{section.4}% 8
\BOOKMARK [2][-]{subsection.4.5}{\376\377\000R\000i\000s\000k\000\040\000A\000s\000s\000e\000s\000s\000m\000e\000n\000t}{section.4}% 9
\BOOKMARK [1][-]{section.5}{\376\377\000C\000o\000n\000d\000u\000c\000t\000i\000n\000g\000\040\000t\000h\000e\000\040\000E\000x\000p\000e\000r\000i\000m\000e\000n\000t}{}% 10
\BOOKMARK [2][-]{subsection.5.1}{\376\377\000M\000e\000a\000s\000u\000r\000e\000m\000e\000n\000t\000s}{section.5}% 11
\BOOKMARK [3][-]{subsubsection.5.1.1}{\376\377\000C\000r\000o\000s\000s\000-\000S\000e\000c\000t\000i\000o\000n\000a\000l\000\040\000A\000r\000e\000a\000s\000\040\000\050\000C\000S\000A\000\051}{subsection.5.1}% 12
\BOOKMARK [2][-]{subsection.5.2}{\376\377\000H\000a\000r\000d\000n\000e\000s\000s\000\040\000T\000e\000s\000t}{section.5}% 13
\BOOKMARK [2][-]{subsection.5.3}{\376\377\000T\000e\000n\000s\000i\000l\000e\000\040\000T\000e\000s\000t}{section.5}% 14
\BOOKMARK [1][-]{section.6}{\376\377\000T\000h\000e\000o\000r\000y}{}% 15
\BOOKMARK [2][-]{subsection.6.1}{\376\377\000H\000a\000r\000d\000n\000e\000s\000s}{section.6}% 16
\BOOKMARK [3][-]{subsubsection.6.1.1}{\376\377\000V\000i\000c\000k\000e\000r\000s\000\040\000H\000a\000r\000d\000n\000e\000s\000s\000\040\000C\000a\000l\000c\000u\000l\000a\000t\000i\000o\000n}{subsection.6.1}% 17
\BOOKMARK [2][-]{subsection.6.2}{\376\377\000T\000e\000n\000s\000i\000l\000e\000\040\000T\000e\000s\000t\000i\000n\000g}{section.6}% 18
\BOOKMARK [2][-]{subsection.6.3}{\376\377\000S\000t\000r\000e\000s\000s}{section.6}% 19
\BOOKMARK [2][-]{subsection.6.4}{\376\377\000S\000t\000r\000a\000i\000n}{section.6}% 20
\BOOKMARK [2][-]{subsection.6.5}{\376\377\000Y\000o\000u\000n\000g\000'\000s\000\040\000M\000o\000d\000u\000l\000u\000s}{section.6}% 21
\BOOKMARK [2][-]{subsection.6.6}{\376\377\000H\000o\000o\000k\000e\000'\000s\000\040\000L\000a\000w}{section.6}% 22
\BOOKMARK [2][-]{subsection.6.7}{\376\377\000Y\000i\000e\000l\000d\000\040\000P\000o\000i\000n\000t\000\040\000a\000n\000d\000\040\000Y\000i\000e\000l\000d\000\040\000S\000t\000r\000e\000n\000g\000t\000h}{section.6}% 23
\BOOKMARK [2][-]{subsection.6.8}{\376\377\000R\000e\000s\000i\000l\000i\000e\000n\000c\000e\000\040\000a\000n\000d\000\040\000M\000o\000d\000u\000l\000u\000s\000\040\000o\000f\000\040\000R\000e\000s\000i\000l\000i\000e\000n\000c\000e}{section.6}% 24
\BOOKMARK [2][-]{subsection.6.9}{\376\377\000U\000l\000t\000i\000m\000a\000t\000e\000\040\000T\000e\000n\000s\000i\000l\000e\000\040\000S\000t\000r\000e\000n\000g\000t\000h\000\040\000\050\000U\000T\000S\000\051}{section.6}% 25
\BOOKMARK [2][-]{subsection.6.10}{\376\377\000E\000l\000o\000n\000g\000a\000t\000i\000o\000n\000\040\000a\000t\000\040\000B\000r\000e\000a\000k}{section.6}% 26
\BOOKMARK [3][-]{subsubsection.6.10.1}{\376\377\000P\000e\000r\000c\000e\000n\000t\000a\000g\000e\000\040\000E\000l\000o\000n\000g\000a\000t\000i\000o\000n}{subsection.6.10}% 27
\BOOKMARK [2][-]{subsection.6.11}{\376\377\000T\000o\000u\000g\000h\000n\000e\000s\000s\000\040\000a\000n\000d\000\040\000M\000o\000d\000u\000l\000u\000s\000\040\000o\000f\000\040\000T\000o\000u\000g\000h\000n\000e\000s\000s}{section.6}% 28
\BOOKMARK [2][-]{subsection.6.12}{\376\377\000R\000a\000t\000i\000o\000s}{section.6}% 29
\BOOKMARK [1][-]{section.7}{\376\377\000D\000a\000t\000a\000\040\000a\000n\000d\000\040\000R\000e\000s\000u\000l\000t\000\040\000C\000a\000l\000c\000u\000l\000a\000t\000i\000o\000n\000s}{}% 30
\BOOKMARK [2][-]{subsection.7.1}{\376\377\000H\000a\000r\000d\000n\000e\000s\000s\000\040\000D\000a\000t\000a}{section.7}% 31
\BOOKMARK [2][-]{subsection.7.2}{\376\377\000F\000o\000r\000c\000e\000\040\000v\000s\000\040\000D\000i\000s\000p\000l\000a\000c\000e\000m\000e\000n\000t}{section.7}% 32
\BOOKMARK [2][-]{subsection.7.3}{\376\377\000S\000t\000r\000e\000s\000s\000\040\000v\000s\000\040\000S\000t\000r\000a\000i\000n}{section.7}% 33
\BOOKMARK [1][-]{section.8}{\376\377\000D\000i\000s\000c\000u\000s\000s\000i\000o\000n}{}% 34
\BOOKMARK [1][-]{section.9}{\376\377\000C\000o\000n\000c\000l\000u\000s\000i\000o\000n\000s}{}% 35
\BOOKMARK [1][-]{section.10}{\376\377\000R\000e\000c\000o\000m\000m\000e\000n\000d\000a\000t\000i\000o\000n\000s}{}% 36
\BOOKMARK [1][-]{section.11}{\376\377\000R\000e\000f\000e\000r\000e\000n\000c\000e\000s}{}% 37
\BOOKMARK [1][-]{section.12}{\376\377\000A\000p\000p\000e\000n\000d\000i\000x}{}% 38
\BOOKMARK [2][-]{subsection.12.1}{\376\377\000I\000n\000d\000e\000n\000t\000a\000t\000i\000o\000n\000\040\000h\000a\000r\000d\000n\000e\000s\000s\000\040\000t\000y\000p\000e\000s}{section.12}% 39
\BOOKMARK [2][-]{subsection.12.2}{\376\377\000R\000S\000M\000\040\000a\000n\000d\000\040\000F\000F\000S}{section.12}% 40
